Copyright 1986-2022 Xilinx, Inc. All Rights Reserved. Copyright 2022-2026 Advanced Micro Devices, Inc. All Rights Reserved.
-------------------------------------------------------------------------------------------------------------------------------------------------
| Tool Version     : Vivado v.2026.1 (lin64) Build 6511674 Tue Jun 16 11:01:26 MDT 2026
| Date             : Fri Jul 10 11:54:19 2026
| Host             : nemesiseanu running 64-bit Linux Mint 22.3
| Command          : report_power -file vga_top_power_routed.rpt -pb vga_top_power_summary_routed.pb -rpx vga_top_power_routed.rpx
| Design           : vga_top
| Device           : xc7a35ticpg236-1L
| Design State     : routed
| Grade            : industrial
| Process          : typical
| Characterization : Production
-------------------------------------------------------------------------------------------------------------------------------------------------

Power Report

Table of Contents
-----------------
1. Summary
1.1 On-Chip Components
1.2 Power Supply Summary
1.3 Confidence Level
2. Settings
2.1 Environment
2.2 Clock Constraints
3. Detailed Reports
3.1 By Hierarchy

1. Summary
----------

+--------------------------+--------------+
| Total On-Chip Power (W)  | 0.178        |
| Design Power Budget (W)  | Unspecified* |
| Power Budget Margin (W)  | NA           |
| Dynamic (W)              | 0.116        |
| Device Static (W)        | 0.062        |
| Effective TJA (C/W)      | 5.0          |
| Max Ambient (C)          | 99.1         |
| Junction Temperature (C) | 25.9         |
| Confidence Level         | Medium       |
| Setting File             | ---          |
| Simulation Activity File | ---          |
| Design Nets Matched      | NA           |
+--------------------------+--------------+
* Specify Design Power Budget using, set_operating_conditions -design_power_budget <value in Watts>


1.1 On-Chip Components
----------------------

+----------------+-----------+----------+-----------+-----------------+
| On-Chip        | Power (W) | Used     | Available | Utilization (%) |
+----------------+-----------+----------+-----------+-----------------+
| Clocks         |    <0.001 |        8 |       --- |             --- |
| Slice Logic    |    <0.001 |       58 |       --- |             --- |
|   LUT as Logic |    <0.001 |       27 |     20800 |            0.13 |
|   Register     |    <0.001 |       20 |     41600 |            0.05 |
|   Others       |     0.000 |        4 |       --- |             --- |
| Signals        |    <0.001 |       37 |       --- |             --- |
| MMCM           |     0.115 |        1 |         5 |           20.00 |
| I/O            |    <0.001 |       17 |       106 |           16.04 |
| Static Power   |     0.062 |          |           |                 |
| Total          |     0.178 |          |           |                 |
+----------------+-----------+----------+-----------+-----------------+


1.2 Power Supply Summary
------------------------

+-----------+-------------+-----------+-------------+------------+-------------+-------------+------------+
| Source    | Voltage (V) | Total (A) | Dynamic (A) | Static (A) | Powerup (A) | Budget (A)  | Margin (A) |
+-----------+-------------+-----------+-------------+------------+-------------+-------------+------------+
| Vccint    |       0.950 |     0.006 |       0.000 |      0.006 |       NA    | Unspecified | NA         |
| Vccaux    |       1.800 |     0.075 |       0.064 |      0.011 |       NA    | Unspecified | NA         |
| Vcco33    |       3.300 |     0.001 |       0.000 |      0.001 |       NA    | Unspecified | NA         |
| Vcco25    |       2.500 |     0.000 |       0.000 |      0.000 |       NA    | Unspecified | NA         |
| Vcco18    |       1.800 |     0.000 |       0.000 |      0.000 |       NA    | Unspecified | NA         |
| Vcco15    |       1.500 |     0.000 |       0.000 |      0.000 |       NA    | Unspecified | NA         |
| Vcco135   |       1.350 |     0.000 |       0.000 |      0.000 |       NA    | Unspecified | NA         |
| Vcco12    |       1.200 |     0.000 |       0.000 |      0.000 |       NA    | Unspecified | NA         |
| Vccaux_io |       1.800 |     0.000 |       0.000 |      0.000 |       NA    | Unspecified | NA         |
| Vccbram   |       0.950 |     0.000 |       0.000 |      0.000 |       NA    | Unspecified | NA         |
| MGTAVcc   |       1.000 |     0.000 |       0.000 |      0.000 |       NA    | Unspecified | NA         |
| MGTAVtt   |       1.200 |     0.000 |       0.000 |      0.000 |       NA    | Unspecified | NA         |
| Vccadc    |       1.800 |     0.018 |       0.000 |      0.018 |       NA    | Unspecified | NA         |
+-----------+-------------+-----------+-------------+------------+-------------+-------------+------------+


1.3 Confidence Level
--------------------

+-----------------------------+------------+-------------------------------------------------------+------------------------------------------------------------------------------------------------------------+
| User Input Data             | Confidence | Details                                               | Action                                                                                                     |
+-----------------------------+------------+-------------------------------------------------------+------------------------------------------------------------------------------------------------------------+
| Design implementation state | High       | Design is routed                                      |                                                                                                            |
| Clock nodes activity        | High       | User specified more than 95% of clocks                |                                                                                                            |
| I/O nodes activity          | Medium     | More than 5% of inputs are missing user specification | Provide missing input activity with simulation results or by editing the "By Resource Type -> I/Os" view   |
| Internal nodes activity     | Medium     | User specified less than 25% of internal nodes        | Provide missing internal nodes activity with simulation results or by editing the "By Resource Type" views |
| Device models               | High       | Device models are Production                          |                                                                                                            |
|                             |            |                                                       |                                                                                                            |
| Overall confidence level    | Medium     |                                                       |                                                                                                            |
+-----------------------------+------------+-------------------------------------------------------+------------------------------------------------------------------------------------------------------------+


2. Settings
-----------

2.1 Environment
---------------

+-----------------------+--------------------------+
| Ambient Temp (C)      | 25.0                     |
| ThetaJA (C/W)         | 5.0                      |
| Airflow (LFM)         | 250                      |
| Heat Sink             | medium (Medium Profile)  |
| ThetaSA (C/W)         | 4.6                      |
| Board Selection       | medium (10"x10")         |
| # of Board Layers     | 12to15 (12 to 15 Layers) |
| Board Temperature (C) | 25.0                     |
+-----------------------+--------------------------+


2.2 Clock Constraints
---------------------

+---------------------------------------+----------------------------------------------------------------------------------------------+-----------------+
| Clock                                 | Domain                                                                                       | Constraint (ns) |
+---------------------------------------+----------------------------------------------------------------------------------------------+-----------------+
| clk_100MHz                            | clk_100MHz                                                                                   |            10.0 |
| clk_out1_vga_ctrl_block_clk_wiz_0_0   | vga_ctrl_block_wrapper_i/vga_ctrl_block_i/clk_wiz_0/inst/clk_out1_vga_ctrl_block_clk_wiz_0_0 |            39.7 |
| clk_out1_vga_ctrl_block_clk_wiz_0_0_1 | vga_ctrl_block_wrapper_i/vga_ctrl_block_i/clk_wiz_0/inst/clk_out1_vga_ctrl_block_clk_wiz_0_0 |            39.7 |
| clkfbout_vga_ctrl_block_clk_wiz_0_0   | vga_ctrl_block_wrapper_i/vga_ctrl_block_i/clk_wiz_0/inst/clkfbout_vga_ctrl_block_clk_wiz_0_0 |            40.0 |
| clkfbout_vga_ctrl_block_clk_wiz_0_0_1 | vga_ctrl_block_wrapper_i/vga_ctrl_block_i/clk_wiz_0/inst/clkfbout_vga_ctrl_block_clk_wiz_0_0 |            40.0 |
| sys_clk_pin                           | clk_100MHz                                                                                   |            10.0 |
+---------------------------------------+----------------------------------------------------------------------------------------------+-----------------+


3. Detailed Reports
-------------------

3.1 By Hierarchy
----------------

+----------------------------+-----------+
| Name                       | Power (W) |
+----------------------------+-----------+
| vga_top                    |     0.116 |
|   vga_ctrl_block_wrapper_i |     0.115 |
|     vga_ctrl_block_i       |     0.115 |
|       clk_wiz_0            |     0.115 |
+----------------------------+-----------+


