Copyright 1986-2022 Xilinx, Inc. All Rights Reserved. Copyright 2022-2026 Advanced Micro Devices, Inc. All Rights Reserved.
---------------------------------------------------------------------------------------------------------------------------------------------
| Tool Version : Vivado v.2026.1 (lin64) Build 6511674 Tue Jun 16 11:01:26 MDT 2026
| Date         : Thu Jul 23 19:39:24 2026
| Host         : nemesiseanu running 64-bit Linux Mint 22.3
| Command      : report_utilization -file vga_top_utilization_synth.rpt -pb vga_top_utilization_synth.pb
| Design       : vga_top
| Device       : xc7a35ticpg236-1L
| Speed File   : -1L
| Design State : Synthesized
---------------------------------------------------------------------------------------------------------------------------------------------

Utilization Design Information

Table of Contents
-----------------
1. Slice Logic
1.1 Summary of Registers by Type
2. Memory
3. DSP
4. IO and GT Specific
5. Clocking
6. Specific Feature
7. Primitives
8. Black Boxes
9. Instantiated Netlists

1. Slice Logic
--------------

+-------------------------+------+-------+------------+-----------+-------+
|        Site Type        | Used | Fixed | Prohibited | Available | Util% |
+-------------------------+------+-------+------------+-----------+-------+
| Slice LUTs*             |  804 |     0 |          0 |     20800 |  3.87 |
|   LUT as Logic          |  804 |     0 |          0 |     20800 |  3.87 |
|   LUT as Memory         |    0 |     0 |          0 |      9600 |  0.00 |
| Slice Registers         |  615 |     0 |          0 |     41600 |  1.48 |
|   Register as Flip Flop |  615 |     0 |          0 |     41600 |  1.48 |
|   Register as Latch     |    0 |     0 |          0 |     41600 |  0.00 |
| F7 Muxes                |    0 |     0 |          0 |     16300 |  0.00 |
| F8 Muxes                |    0 |     0 |          0 |      8150 |  0.00 |
| Unique Control Sets     |   22 |       |          0 |      8150 |  0.27 |
+-------------------------+------+-------+------------+-----------+-------+
* Warning! The Final LUT count, after physical optimizations and full implementation, is typically lower. Run opt_design after synthesis, if not already completed, for a more realistic count.
Warning! LUT value is adjusted to account for LUT combining.
Warning! For any ECO changes, please run place_design if there are unplaced instances
** Note: Available Control Sets calculated as Slice * 1, Review the Control Sets Report for more information regarding control sets.


1.1 Summary of Registers by Type
--------------------------------

+-------+--------------+-------------+--------------+
| Total | Clock Enable | Synchronous | Asynchronous |
+-------+--------------+-------------+--------------+
| 0     |            _ |           - |            - |
| 0     |            _ |           - |          Set |
| 0     |            _ |           - |        Reset |
| 0     |            _ |         Set |            - |
| 0     |            _ |       Reset |            - |
| 0     |          Yes |           - |            - |
| 20    |          Yes |           - |          Set |
| 590   |          Yes |           - |        Reset |
| 0     |          Yes |         Set |            - |
| 5     |          Yes |       Reset |            - |
+-------+--------------+-------------+--------------+


2. Memory
---------

+-------------------+------+-------+------------+-----------+-------+
|     Site Type     | Used | Fixed | Prohibited | Available | Util% |
+-------------------+------+-------+------------+-----------+-------+
| Block RAM Tile    |    6 |     0 |          0 |        50 | 12.00 |
|   RAMB36/FIFO*    |    6 |     0 |          0 |        50 | 12.00 |
|     RAMB36E1 only |    6 |       |            |           |       |
|   RAMB18          |    0 |     0 |          0 |       100 |  0.00 |
+-------------------+------+-------+------------+-----------+-------+
* Note: Each Block RAM Tile only has one FIFO logic available and therefore can accommodate only one FIFO36E1 or one FIFO18E1. However, if a FIFO18E1 occupies a Block RAM Tile, that tile can still accommodate a RAMB18E1


3. DSP
------

+----------------+------+-------+------------+-----------+-------+
|    Site Type   | Used | Fixed | Prohibited | Available | Util% |
+----------------+------+-------+------------+-----------+-------+
| DSPs           |    2 |     0 |          0 |        90 |  2.22 |
|   DSP48E1 only |    2 |       |            |           |       |
+----------------+------+-------+------------+-----------+-------+


4. IO and GT Specific
---------------------

+-----------------------------+------+-------+------------+-----------+-------+
|          Site Type          | Used | Fixed | Prohibited | Available | Util% |
+-----------------------------+------+-------+------------+-----------+-------+
| Bonded IOB                  |   34 |     0 |          0 |       106 | 32.08 |
| Bonded IPADs                |    0 |     0 |          0 |        10 |  0.00 |
| Bonded OPADs                |    0 |     0 |          0 |         4 |  0.00 |
| PHY_CONTROL                 |    0 |     0 |          0 |         5 |  0.00 |
| PHASER_REF                  |    0 |     0 |          0 |         5 |  0.00 |
| OUT_FIFO                    |    0 |     0 |          0 |        20 |  0.00 |
| IN_FIFO                     |    0 |     0 |          0 |        20 |  0.00 |
| IDELAYCTRL                  |    0 |     0 |          0 |         5 |  0.00 |
| IBUFDS                      |    0 |     0 |          0 |       104 |  0.00 |
| GTPE2_CHANNEL               |    0 |     0 |          0 |         2 |  0.00 |
| PHASER_OUT/PHASER_OUT_PHY   |    0 |     0 |          0 |        20 |  0.00 |
| PHASER_IN/PHASER_IN_PHY     |    0 |     0 |          0 |        20 |  0.00 |
| IDELAYE2/IDELAYE2_FINEDELAY |    0 |     0 |          0 |       250 |  0.00 |
| IBUFDS_GTE2                 |    0 |     0 |          0 |         2 |  0.00 |
| ILOGIC                      |    0 |     0 |          0 |       106 |  0.00 |
| OLOGIC                      |    0 |     0 |          0 |       106 |  0.00 |
+-----------------------------+------+-------+------------+-----------+-------+


5. Clocking
-----------

+------------+------+-------+------------+-----------+-------+
|  Site Type | Used | Fixed | Prohibited | Available | Util% |
+------------+------+-------+------------+-----------+-------+
| BUFGCTRL   |    0 |     0 |          0 |        32 |  0.00 |
| BUFIO      |    0 |     0 |          0 |        20 |  0.00 |
| MMCME2_ADV |    0 |     0 |          0 |         5 |  0.00 |
| PLLE2_ADV  |    0 |     0 |          0 |         5 |  0.00 |
| BUFMRCE    |    0 |     0 |          0 |        10 |  0.00 |
| BUFHCE     |    0 |     0 |          0 |        72 |  0.00 |
| BUFR       |    0 |     0 |          0 |        20 |  0.00 |
+------------+------+-------+------------+-----------+-------+


6. Specific Feature
-------------------

+-------------+------+-------+------------+-----------+-------+
|  Site Type  | Used | Fixed | Prohibited | Available | Util% |
+-------------+------+-------+------------+-----------+-------+
| BSCANE2     |    0 |     0 |          0 |         4 |  0.00 |
| CAPTUREE2   |    0 |     0 |          0 |         1 |  0.00 |
| DNA_PORT    |    0 |     0 |          0 |         1 |  0.00 |
| EFUSE_USR   |    0 |     0 |          0 |         1 |  0.00 |
| FRAME_ECCE2 |    0 |     0 |          0 |         1 |  0.00 |
| ICAPE2      |    0 |     0 |          0 |         2 |  0.00 |
| PCIE_2_1    |    0 |     0 |          0 |         1 |  0.00 |
| STARTUPE2   |    0 |     0 |          0 |         1 |  0.00 |
| XADC        |    0 |     0 |          0 |         1 |  0.00 |
+-------------+------+-------+------------+-----------+-------+


7. Primitives
-------------

+----------+------+---------------------+
| Ref Name | Used | Functional Category |
+----------+------+---------------------+
| FDCE     |  590 |        Flop & Latch |
| LUT2     |  340 |                 LUT |
| LUT4     |  252 |                 LUT |
| LUT6     |  171 |                 LUT |
| CARRY4   |  134 |          CarryLogic |
| LUT5     |  109 |                 LUT |
| LUT3     |   60 |                 LUT |
| LUT1     |   28 |                 LUT |
| OBUF     |   27 |                  IO |
| FDPE     |   20 |        Flop & Latch |
| IBUF     |    7 |                  IO |
| RAMB36E1 |    6 |        Block Memory |
| FDRE     |    5 |        Flop & Latch |
| DSP48E1  |    2 |    Block Arithmetic |
+----------+------+---------------------+


8. Black Boxes
--------------

+----------------------------+------+
|          Ref Name          | Used |
+----------------------------+------+
| vga_ctrl_block_clk_wiz_0_0 |    1 |
+----------------------------+------+


9. Instantiated Netlists
------------------------

+----------+------+
| Ref Name | Used |
+----------+------+


